android/app/build/intermediates/manifest_merge_blame_file/debug/manifest-merger-blame-debug-report.txt
1<?xml version="1.0" encoding="utf-8"?>
2<manifest xmlns:android="http://schemas.android.com/apk/res/android"
3    package="uplinked.com.au"
4    android:versionCode="5"
5    android:versionName="1.0.3" >
6
7    <uses-sdk
8        android:minSdkVersion="21"
9        android:targetSdkVersion="31" />
10
11    <uses-permission android:name="android.permission.SYSTEM_ALERT_WINDOW" />
11-->src/debug/AndroidManifest.xml:5:5-77
11-->src/debug/AndroidManifest.xml:5:22-75
12    <uses-permission android:name="android.permission.INTERNET" />
12-->src/main/AndroidManifest.xml:5:5-67
12-->src/main/AndroidManifest.xml:5:22-64
13    <uses-permission android:name="android.permission.CAMERA" />
13-->src/main/AndroidManifest.xml:6:5-65
13-->src/main/AndroidManifest.xml:6:22-62
14    <uses-permission android:name="android.permission.READ_EXTERNAL_STORAGE" /> <!-- Define ACCESS_FINE_LOCATION if you will use enableHighAccuracy=true -->
14-->src/main/AndroidManifest.xml:7:5-80
14-->src/main/AndroidManifest.xml:7:22-77
15    <uses-permission android:name="android.permission.ACCESS_FINE_LOCATION" /> <!-- Define ACCESS_COARSE_LOCATION if you will use enableHighAccuracy=false -->
15-->src/main/AndroidManifest.xml:8:5-79
15-->src/main/AndroidManifest.xml:8:22-76
16    <uses-permission android:name="android.permission.ACCESS_COARSE_LOCATION" />
16-->src/main/AndroidManifest.xml:9:5-81
16-->src/main/AndroidManifest.xml:9:22-78
17    <uses-permission android:name="android.permission.VIBRATE" />
17-->src/main/AndroidManifest.xml:10:5-66
17-->src/main/AndroidManifest.xml:10:22-63
18    <uses-permission android:name="android.permission.READ_PHONE_STATE" />
18-->src/main/AndroidManifest.xml:11:5-75
18-->src/main/AndroidManifest.xml:11:22-72
19    <uses-permission android:name="android.permission.ACCESS_WIFI_STATE" />
19-->src/main/AndroidManifest.xml:12:5-75
19-->src/main/AndroidManifest.xml:12:22-73
20    <uses-permission android:name="android.permission.ACCESS_NETWORK_STATE" />
20-->[:react-native-community_netinfo] AndroidManifest.xml:7:5-79
20-->[:react-native-community_netinfo] AndroidManifest.xml:7:22-76
21
22    <uses-feature
22-->[:react-native-camera] AndroidManifest.xml:9:5-11:36
23        android:name="android.hardware.camera"
23-->[:react-native-camera] AndroidManifest.xml:10:9-47
24        android:required="false" />
24-->[:react-native-camera] AndroidManifest.xml:11:9-33
25    <uses-feature
25-->[:react-native-camera] AndroidManifest.xml:12:5-14:36
26        android:name="android.hardware.camera.autofocus"
26-->[:react-native-camera] AndroidManifest.xml:13:9-57
27        android:required="false" />
27-->[:react-native-camera] AndroidManifest.xml:14:9-33
28
29    <queries>
29-->[:react-native-image-crop-picker] AndroidManifest.xml:7:5-11:15
30        <intent>
30-->[:react-native-image-crop-picker] AndroidManifest.xml:8:9-10:18
31            <action android:name="android.media.action.IMAGE_CAPTURE" />
31-->[:react-native-image-crop-picker] AndroidManifest.xml:9:13-73
31-->[:react-native-image-crop-picker] AndroidManifest.xml:9:21-70
32        </intent>
33    </queries>
34
35    <uses-permission android:name="android.permission.WRITE_EXTERNAL_STORAGE" />
35-->[:react-native-image-crop-picker] AndroidManifest.xml:13:5-81
35-->[:react-native-image-crop-picker] AndroidManifest.xml:13:22-78
36    <uses-permission android:name="android.permission.FLASHLIGHT" />
36-->[:react-native-torch] AndroidManifest.xml:8:5-69
36-->[:react-native-torch] AndroidManifest.xml:8:22-66
37    <uses-permission android:name="android.permission.WAKE_LOCK" /> <!-- Required by older versions of Google Play services to create IID tokens -->
37-->[com.google.firebase:firebase-iid:21.1.0] AndroidManifest.xml:24:5-68
37-->[com.google.firebase:firebase-iid:21.1.0] AndroidManifest.xml:24:22-65
38    <uses-permission android:name="com.google.android.c2dm.permission.RECEIVE" />
38-->[com.google.firebase:firebase-iid:21.1.0] AndroidManifest.xml:26:5-82
38-->[com.google.firebase:firebase-iid:21.1.0] AndroidManifest.xml:26:22-79
39    <uses-permission android:name="com.google.android.finsky.permission.BIND_GET_INSTALL_REFERRER_SERVICE" />
39-->[com.android.installreferrer:installreferrer:1.1.2] AndroidManifest.xml:9:5-110
39-->[com.android.installreferrer:installreferrer:1.1.2] AndroidManifest.xml:9:22-107
40
41    <application
41-->src/main/AndroidManifest.xml:14:5-40:19
42        android:name="uplinked.com.au.MainApplication"
42-->src/main/AndroidManifest.xml:15:9-55
43        android:allowBackup="false"
43-->src/main/AndroidManifest.xml:16:9-36
44        android:appComponentFactory="androidx.core.app.CoreComponentFactory"
44-->[androidx.core:core:1.6.0] AndroidManifest.xml:24:18-86
45        android:debuggable="true"
46        android:icon="@mipmap/appicon"
46-->src/main/AndroidManifest.xml:17:9-39
47        android:label="@string/app_name"
47-->src/main/AndroidManifest.xml:18:9-41
48        android:largeHeap="true"
48-->src/main/AndroidManifest.xml:20:9-33
49        android:roundIcon="@mipmap/appicon"
49-->src/main/AndroidManifest.xml:19:9-44
50        android:testOnly="true"
51        android:theme="@style/AppTheme"
51-->src/main/AndroidManifest.xml:21:9-40
52        android:usesCleartextTraffic="true" >
52-->src/debug/AndroidManifest.xml:8:9-44
53        <activity android:name="com.facebook.react.devsupport.DevSettingsActivity" />
53-->src/debug/AndroidManifest.xml:11:9-86
53-->src/debug/AndroidManifest.xml:11:19-83
54        <activity
54-->src/main/AndroidManifest.xml:22:9-25:51
55            android:name="uplinked.com.au.MainActivity"
55-->src/main/AndroidManifest.xml:23:13-56
56            android:exported="false"
56-->src/main/AndroidManifest.xml:24:13-37
57            android:screenOrientation="portrait" />
57-->src/main/AndroidManifest.xml:25:13-49
58        <activity
58-->src/main/AndroidManifest.xml:26:9-39:20
59            android:name="uplinked.com.au.MainActivity2"
59-->src/main/AndroidManifest.xml:27:13-57
60            android:configChanges="keyboard|keyboardHidden|orientation|screenSize|uiMode"
60-->src/main/AndroidManifest.xml:28:13-90
61            android:exported="true"
61-->src/main/AndroidManifest.xml:29:13-36
62            android:label="@string/app_name"
62-->src/main/AndroidManifest.xml:30:13-45
63            android:launchMode="singleTask"
63-->src/main/AndroidManifest.xml:31:13-44
64            android:screenOrientation="portrait"
64-->src/main/AndroidManifest.xml:32:13-49
65            android:windowSoftInputMode="adjustResize" >
65-->src/main/AndroidManifest.xml:33:13-55
66            <intent-filter>
66-->src/main/AndroidManifest.xml:34:13-38:29
67                <action android:name="android.intent.action.MAIN" />
67-->src/main/AndroidManifest.xml:35:17-69
67-->src/main/AndroidManifest.xml:35:25-66
68
69                <category android:name="android.intent.category.LAUNCHER" />
69-->src/main/AndroidManifest.xml:37:17-77
69-->src/main/AndroidManifest.xml:37:27-74
70            </intent-filter>
71        </activity> <!-- Disable crashlytics by default so we can custom init with CrashlyticsNdk support -->
72        <meta-data
72-->[:react-native-firebase_crashlytics] AndroidManifest.xml:10:9-12:37
73            android:name="firebase_crashlytics_collection_enabled"
73-->[:react-native-firebase_crashlytics] AndroidManifest.xml:11:13-67
74            android:value="false" />
74-->[:react-native-firebase_crashlytics] AndroidManifest.xml:12:13-34
75
76        <provider
76-->[:react-native-firebase_crashlytics] AndroidManifest.xml:14:9-18:38
77            android:name="io.invertase.firebase.crashlytics.ReactNativeFirebaseCrashlyticsInitProvider"
77-->[:react-native-firebase_crashlytics] AndroidManifest.xml:15:13-104
78            android:authorities="uplinked.com.au.reactnativefirebasecrashlyticsinitprovider"
78-->[:react-native-firebase_crashlytics] AndroidManifest.xml:16:13-94
79            android:exported="false"
79-->[:react-native-firebase_crashlytics] AndroidManifest.xml:17:13-37
80            android:initOrder="98" />
80-->[:react-native-firebase_crashlytics] AndroidManifest.xml:18:13-35
81
82        <meta-data
82-->[:react-native-firebase_app] AndroidManifest.xml:9:9-11:36
83            android:name="app_data_collection_default_enabled"
83-->[:react-native-firebase_app] AndroidManifest.xml:10:13-63
84            android:value="true" />
84-->[:react-native-firebase_app] AndroidManifest.xml:11:13-33
85
86        <service
86-->[:react-native-firebase_app] AndroidManifest.xml:13:9-21:19
87            android:name="com.google.firebase.components.ComponentDiscoveryService"
87-->[:react-native-firebase_app] AndroidManifest.xml:14:13-84
88            android:directBootAware="true"
88-->[:react-native-firebase_app] AndroidManifest.xml:15:13-43
89            android:exported="false" >
89-->[:react-native-firebase_app] AndroidManifest.xml:16:13-37
90            <meta-data
90-->[:react-native-firebase_app] AndroidManifest.xml:18:13-20:85
91                android:name="com.google.firebase.components:io.invertase.firebase.app.ReactNativeFirebaseAppRegistrar"
91-->[:react-native-firebase_app] AndroidManifest.xml:19:17-120
92                android:value="com.google.firebase.components.ComponentRegistrar" />
92-->[:react-native-firebase_app] AndroidManifest.xml:20:17-82
93            <meta-data
93-->[com.google.firebase:firebase-crashlytics-ndk:18.2.13] AndroidManifest.xml:35:13-37:85
94                android:name="com.google.firebase.components:com.google.firebase.crashlytics.ndk.CrashlyticsNdkRegistrar"
94-->[com.google.firebase:firebase-crashlytics-ndk:18.2.13] AndroidManifest.xml:36:17-122
95                android:value="com.google.firebase.components.ComponentRegistrar" />
95-->[com.google.firebase:firebase-crashlytics-ndk:18.2.13] AndroidManifest.xml:37:17-82
96            <meta-data
96-->[com.google.firebase:firebase-crashlytics:18.2.13] AndroidManifest.xml:18:13-20:85
97                android:name="com.google.firebase.components:com.google.firebase.crashlytics.CrashlyticsRegistrar"
97-->[com.google.firebase:firebase-crashlytics:18.2.13] AndroidManifest.xml:19:17-115
98                android:value="com.google.firebase.components.ComponentRegistrar" />
98-->[com.google.firebase:firebase-crashlytics:18.2.13] AndroidManifest.xml:20:17-82
99            <meta-data
99-->[com.google.firebase:firebase-iid:21.1.0] AndroidManifest.xml:32:13-34:85
100                android:name="com.google.firebase.components:com.google.firebase.iid.Registrar"
100-->[com.google.firebase:firebase-iid:21.1.0] AndroidManifest.xml:33:17-96
101                android:value="com.google.firebase.components.ComponentRegistrar" />
101-->[com.google.firebase:firebase-iid:21.1.0] AndroidManifest.xml:34:17-82
102            <meta-data
102-->[com.google.firebase:firebase-installations:17.0.3] AndroidManifest.xml:18:13-20:85
103                android:name="com.google.firebase.components:com.google.firebase.installations.FirebaseInstallationsRegistrar"
103-->[com.google.firebase:firebase-installations:17.0.3] AndroidManifest.xml:19:17-127
104                android:value="com.google.firebase.components.ComponentRegistrar" />
104-->[com.google.firebase:firebase-installations:17.0.3] AndroidManifest.xml:20:17-82
105        </service>
106
107        <provider
107-->[:react-native-firebase_app] AndroidManifest.xml:23:9-27:38
108            android:name="io.invertase.firebase.app.ReactNativeFirebaseAppInitProvider"
108-->[:react-native-firebase_app] AndroidManifest.xml:24:13-88
109            android:authorities="uplinked.com.au.reactnativefirebaseappinitprovider"
109-->[:react-native-firebase_app] AndroidManifest.xml:25:13-86
110            android:exported="false"
110-->[:react-native-firebase_app] AndroidManifest.xml:26:13-37
111            android:initOrder="99" />
111-->[:react-native-firebase_app] AndroidManifest.xml:27:13-35
112        <provider
112-->[:react-native-image-crop-picker] AndroidManifest.xml:16:9-24:20
113            android:name="androidx.core.content.FileProvider"
113-->[:react-native-image-crop-picker] AndroidManifest.xml:17:13-62
114            android:authorities="uplinked.com.au.provider"
114-->[:react-native-image-crop-picker] AndroidManifest.xml:18:13-60
115            android:exported="false"
115-->[:react-native-image-crop-picker] AndroidManifest.xml:19:13-37
116            android:grantUriPermissions="true" >
116-->[:react-native-image-crop-picker] AndroidManifest.xml:20:13-47
117            <meta-data
117-->[:react-native-image-crop-picker] AndroidManifest.xml:21:13-23:58
118                android:name="android.support.FILE_PROVIDER_PATHS"
118-->[:react-native-image-crop-picker] AndroidManifest.xml:22:17-67
119                android:resource="@xml/provider_paths" />
119-->[:react-native-image-crop-picker] AndroidManifest.xml:23:17-55
120        </provider>
121
122        <activity
122-->[:react-native-image-crop-picker] AndroidManifest.xml:26:9-28:72
123            android:name="com.yalantis.ucrop.UCropActivity"
123-->[:react-native-image-crop-picker] AndroidManifest.xml:27:13-60
124            android:theme="@style/Theme.AppCompat.Light.NoActionBar" />
124-->[:react-native-image-crop-picker] AndroidManifest.xml:28:13-69
125
126        <service
126-->[com.google.android.gms:play-services-mlkit-barcode-scanning:16.2.0] AndroidManifest.xml:9:9-15:19
127            android:name="com.google.mlkit.common.internal.MlKitComponentDiscoveryService"
127-->[com.google.android.gms:play-services-mlkit-barcode-scanning:16.2.0] AndroidManifest.xml:10:13-91
128            android:directBootAware="true"
128-->[com.google.mlkit:common:17.2.0] AndroidManifest.xml:17:13-43
129            android:exported="false" >
129-->[com.google.android.gms:play-services-mlkit-barcode-scanning:16.2.0] AndroidManifest.xml:11:13-37
130            <meta-data
130-->[com.google.android.gms:play-services-mlkit-barcode-scanning:16.2.0] AndroidManifest.xml:12:13-14:85
131                android:name="com.google.firebase.components:com.google.mlkit.vision.barcode.internal.BarcodeRegistrar"
131-->[com.google.android.gms:play-services-mlkit-barcode-scanning:16.2.0] AndroidManifest.xml:13:17-120
132                android:value="com.google.firebase.components.ComponentRegistrar" />
132-->[com.google.android.gms:play-services-mlkit-barcode-scanning:16.2.0] AndroidManifest.xml:14:17-82
133            <meta-data
133-->[com.google.android.gms:play-services-mlkit-face-detection:16.2.0] AndroidManifest.xml:12:13-14:85
134                android:name="com.google.firebase.components:com.google.mlkit.vision.face.internal.FaceRegistrar"
134-->[com.google.android.gms:play-services-mlkit-face-detection:16.2.0] AndroidManifest.xml:13:17-114
135                android:value="com.google.firebase.components.ComponentRegistrar" />
135-->[com.google.android.gms:play-services-mlkit-face-detection:16.2.0] AndroidManifest.xml:14:17-82
136            <meta-data
136-->[com.google.android.gms:play-services-mlkit-text-recognition:16.3.0] AndroidManifest.xml:12:13-14:85
137                android:name="com.google.firebase.components:com.google.mlkit.vision.text.internal.TextRegistrar"
137-->[com.google.android.gms:play-services-mlkit-text-recognition:16.3.0] AndroidManifest.xml:13:17-114
138                android:value="com.google.firebase.components.ComponentRegistrar" />
138-->[com.google.android.gms:play-services-mlkit-text-recognition:16.3.0] AndroidManifest.xml:14:17-82
139            <meta-data
139-->[com.google.mlkit:vision-common:16.5.0] AndroidManifest.xml:12:13-14:85
140                android:name="com.google.firebase.components:com.google.mlkit.vision.common.internal.VisionCommonRegistrar"
140-->[com.google.mlkit:vision-common:16.5.0] AndroidManifest.xml:13:17-124
141                android:value="com.google.firebase.components.ComponentRegistrar" />
141-->[com.google.mlkit:vision-common:16.5.0] AndroidManifest.xml:14:17-82
142            <meta-data
142-->[com.google.mlkit:common:17.2.0] AndroidManifest.xml:20:13-22:85
143                android:name="com.google.firebase.components:com.google.mlkit.common.internal.CommonComponentRegistrar"
143-->[com.google.mlkit:common:17.2.0] AndroidManifest.xml:21:17-120
144                android:value="com.google.firebase.components.ComponentRegistrar" />
144-->[com.google.mlkit:common:17.2.0] AndroidManifest.xml:22:17-82
145        </service>
146
147        <provider
147-->[com.google.mlkit:common:17.2.0] AndroidManifest.xml:9:9-13:38
148            android:name="com.google.mlkit.common.internal.MlKitInitProvider"
148-->[com.google.mlkit:common:17.2.0] AndroidManifest.xml:10:13-78
149            android:authorities="uplinked.com.au.mlkitinitprovider"
149-->[com.google.mlkit:common:17.2.0] AndroidManifest.xml:11:13-69
150            android:exported="false"
150-->[com.google.mlkit:common:17.2.0] AndroidManifest.xml:12:13-37
151            android:initOrder="99" />
151-->[com.google.mlkit:common:17.2.0] AndroidManifest.xml:13:13-35
152
153        <service
153-->[com.google.android.datatransport:transport-backend-cct:3.1.7] AndroidManifest.xml:29:9-35:19
154            android:name="com.google.android.datatransport.runtime.backends.TransportBackendDiscovery"
154-->[com.google.android.datatransport:transport-backend-cct:3.1.7] AndroidManifest.xml:30:13-103
155            android:exported="false" >
155-->[com.google.android.datatransport:transport-backend-cct:3.1.7] AndroidManifest.xml:31:13-37
156            <meta-data
156-->[com.google.android.datatransport:transport-backend-cct:3.1.7] AndroidManifest.xml:32:13-34:39
157                android:name="backend:com.google.android.datatransport.cct.CctBackendFactory"
157-->[com.google.android.datatransport:transport-backend-cct:3.1.7] AndroidManifest.xml:33:17-94
158                android:value="cct" />
158-->[com.google.android.datatransport:transport-backend-cct:3.1.7] AndroidManifest.xml:34:17-36
159        </service>
160        <service
160-->[com.google.android.datatransport:transport-runtime:3.1.7] AndroidManifest.xml:26:9-30:19
161            android:name="com.google.android.datatransport.runtime.scheduling.jobscheduling.JobInfoSchedulerService"
161-->[com.google.android.datatransport:transport-runtime:3.1.7] AndroidManifest.xml:27:13-117
162            android:exported="false"
162-->[com.google.android.datatransport:transport-runtime:3.1.7] AndroidManifest.xml:28:13-37
163            android:permission="android.permission.BIND_JOB_SERVICE" >
163-->[com.google.android.datatransport:transport-runtime:3.1.7] AndroidManifest.xml:29:13-69
164        </service>
165
166        <receiver
166-->[com.google.android.datatransport:transport-runtime:3.1.7] AndroidManifest.xml:32:9-34:40
167            android:name="com.google.android.datatransport.runtime.scheduling.jobscheduling.AlarmManagerSchedulerBroadcastReceiver"
167-->[com.google.android.datatransport:transport-runtime:3.1.7] AndroidManifest.xml:33:13-132
168            android:exported="false" />
168-->[com.google.android.datatransport:transport-runtime:3.1.7] AndroidManifest.xml:34:13-37
169
170        <activity
170-->[com.google.android.gms:play-services-auth:20.3.0] AndroidManifest.xml:23:9-27:75
171            android:name="com.google.android.gms.auth.api.signin.internal.SignInHubActivity"
171-->[com.google.android.gms:play-services-auth:20.3.0] AndroidManifest.xml:24:13-93
172            android:excludeFromRecents="true"
172-->[com.google.android.gms:play-services-auth:20.3.0] AndroidManifest.xml:25:13-46
173            android:exported="false"
173-->[com.google.android.gms:play-services-auth:20.3.0] AndroidManifest.xml:26:13-37
174            android:theme="@android:style/Theme.Translucent.NoTitleBar" />
174-->[com.google.android.gms:play-services-auth:20.3.0] AndroidManifest.xml:27:13-72
175        <!--
176            Service handling Google Sign-In user revocation. For apps that do not integrate with
177            Google Sign-In, this service will never be started.
178        -->
179        <service
179-->[com.google.android.gms:play-services-auth:20.3.0] AndroidManifest.xml:33:9-37:51
180            android:name="com.google.android.gms.auth.api.signin.RevocationBoundService"
180-->[com.google.android.gms:play-services-auth:20.3.0] AndroidManifest.xml:34:13-89
181            android:exported="true"
181-->[com.google.android.gms:play-services-auth:20.3.0] AndroidManifest.xml:35:13-36
182            android:permission="com.google.android.gms.auth.api.signin.permission.REVOCATION_NOTIFICATION"
182-->[com.google.android.gms:play-services-auth:20.3.0] AndroidManifest.xml:36:13-107
183            android:visibleToInstantApps="true" />
183-->[com.google.android.gms:play-services-auth:20.3.0] AndroidManifest.xml:37:13-48
184
185        <activity
185-->[com.google.android.gms:play-services-base:18.1.0] AndroidManifest.xml:20:9-22:45
186            android:name="com.google.android.gms.common.api.GoogleApiActivity"
186-->[com.google.android.gms:play-services-base:18.1.0] AndroidManifest.xml:20:19-85
187            android:exported="false"
187-->[com.google.android.gms:play-services-base:18.1.0] AndroidManifest.xml:22:19-43
188            android:theme="@android:style/Theme.Translucent.NoTitleBar" />
188-->[com.google.android.gms:play-services-base:18.1.0] AndroidManifest.xml:21:19-78
189
190        <provider
190-->[com.google.firebase:firebase-common:20.1.2] AndroidManifest.xml:26:9-31:39
191            android:name="com.google.firebase.provider.FirebaseInitProvider"
191-->[com.google.firebase:firebase-common:20.1.2] AndroidManifest.xml:27:13-77
192            android:authorities="uplinked.com.au.firebaseinitprovider"
192-->[com.google.firebase:firebase-common:20.1.2] AndroidManifest.xml:28:13-72
193            android:directBootAware="true"
193-->[com.google.firebase:firebase-common:20.1.2] AndroidManifest.xml:29:13-43
194            android:exported="false"
194-->[com.google.firebase:firebase-common:20.1.2] AndroidManifest.xml:30:13-37
195            android:initOrder="100" />
195-->[com.google.firebase:firebase-common:20.1.2] AndroidManifest.xml:31:13-36
196
197        <meta-data
197-->[com.google.android.gms:play-services-basement:18.1.0] AndroidManifest.xml:21:9-23:69
198            android:name="com.google.android.gms.version"
198-->[com.google.android.gms:play-services-basement:18.1.0] AndroidManifest.xml:22:13-58
199            android:value="@integer/google_play_services_version" />
199-->[com.google.android.gms:play-services-basement:18.1.0] AndroidManifest.xml:23:13-66
200    </application>
201
202</manifest>